# JRE version: OpenJDK Runtime Environment (8.0_242-b01) (build 1.8.0_242-release-1644-b01)
# Java VM: OpenJDK 64-Bit Server VM (25.242-b01 mixed mode windows-amd64 compressed oops)
Heap:
 PSYoungGen      total 598528K, used 342487K [0x00000000d5580000, 0x00000000ff900000, 0x0000000100000000)
  eden space 514560K, 63% used [0x00000000d5580000,0x00000000e93c0bd8,0x00000000f4c00000)
  from space 83968K, 19% used [0x00000000fa700000,0x00000000fb735180,0x00000000ff900000)
  to   space 88576K, 0% used [0x00000000f4c00000,0x00000000f4c00000,0x00000000fa280000)
 ParOldGen       total 281600K, used 78807K [0x0000000080000000, 0x0000000091300000, 0x00000000d5580000)
  object space 281600K, 27% used [0x0000000080000000,0x0000000084cf5de0,0x0000000091300000)
 Metaspace       used 153215K, capacity 160406K, committed 161560K, reserved 1189888K
  class space    used 19881K, capacity 21294K, committed 21536K, reserved 1048576K
GC Heap History (10 events):
Event: 2403.737 GC heap before
{Heap before GC invocations=21 (full 4):
 PSYoungGen      total 616448K, used 612905K [0x00000000d5580000, 0x0000000100000000, 0x0000000100000000)
  eden space 552448K, 100% used [0x00000000d5580000,0x00000000f7100000,0x00000000f7100000)
  from space 64000K, 94% used [0x00000000fc180000,0x00000000ffc8a550,0x0000000100000000)
  to   space 73216K, 0% used [0x00000000f7100000,0x00000000f7100000,0x00000000fb880000)
 ParOldGen       total 281600K, used 144079K [0x0000000080000000, 0x0000000091300000, 0x00000000d5580000)
  object space 281600K, 51% used [0x0000000080000000,0x0000000088cb3e90,0x0000000091300000)
 Metaspace       used 139254K, capacity 146686K, committed 146840K, reserved 1175552K
  class space    used 18391K, capacity 19812K, committed 19872K, reserved 1048576K
Event: 2403.784 GC heap after
Heap after GC invocations=21 (full 4):
 PSYoungGen      total 602624K, used 49826K [0x00000000d5580000, 0x0000000100000000, 0x0000000100000000)
  eden space 552448K, 0% used [0x00000000d5580000,0x00000000d5580000,0x00000000f7100000)
  from space 50176K, 99% used [0x00000000f7100000,0x00000000fa1a8810,0x00000000fa200000)
  to   space 76800K, 0% used [0x00000000fb500000,0x00000000fb500000,0x0000000100000000)
 ParOldGen       total 281600K, used 144087K [0x0000000080000000, 0x0000000091300000, 0x00000000d5580000)
  object space 281600K, 51% used [0x0000000080000000,0x0000000088cb5e90,0x0000000091300000)
 Metaspace       used 139254K, capacity 146686K, committed 146840K, reserved 1175552K
  class space    used 18391K, capacity 19812K, committed 19872K, reserved 1048576K
}
Event: 2521.831 GC heap before
{Heap before GC invocations=22 (full 4):
 PSYoungGen      total 602624K, used 602274K [0x00000000d5580000, 0x0000000100000000, 0x0000000100000000)
  eden space 552448K, 100% used [0x00000000d5580000,0x00000000f7100000,0x00000000f7100000)
  from space 50176K, 99% used [0x00000000f7100000,0x00000000fa1a8810,0x00000000fa200000)
  to   space 76800K, 0% used [0x00000000fb500000,0x00000000fb500000,0x0000000100000000)
 ParOldGen       total 281600K, used 144087K [0x0000000080000000, 0x0000000091300000, 0x00000000d5580000)
  object space 281600K, 51% used [0x0000000080000000,0x0000000088cb5e90,0x0000000091300000)
 Metaspace       used 145637K, capacity 153422K, committed 153496K, reserved 1181696K
  class space    used 19055K, capacity 20599K, committed 20640K, reserved 1048576K
Event: 2521.922 GC heap after
Heap after GC invocations=22 (full 4):
 PSYoungGen      total 589312K, used 76798K [0x00000000d5580000, 0x0000000100000000, 0x0000000100000000)
  eden space 512512K, 0% used [0x00000000d5580000,0x00000000d5580000,0x00000000f4a00000)
  from space 76800K, 99% used [0x00000000fb500000,0x00000000fffffa30,0x0000000100000000)
  to   space 93184K, 0% used [0x00000000f4a00000,0x00000000f4a00000,0x00000000fa500000)
 ParOldGen       total 281600K, used 154189K [0x0000000080000000, 0x0000000091300000, 0x00000000d5580000)
  object space 281600K, 54% used [0x0000000080000000,0x0000000089693628,0x0000000091300000)
 Metaspace       used 145637K, capacity 153422K, committed 153496K, reserved 1181696K
  class space    used 19055K, capacity 20599K, committed 20640K, reserved 1048576K
}
Event: 3640.135 GC heap before
{Heap before GC invocations=23 (full 4):
 PSYoungGen      total 589312K, used 160119K [0x00000000d5580000, 0x0000000100000000, 0x0000000100000000)
  eden space 512512K, 16% used [0x00000000d5580000,0x00000000da6de500,0x00000000f4a00000)
  from space 76800K, 99% used [0x00000000fb500000,0x00000000fffffa30,0x0000000100000000)
  to   space 93184K, 0% used [0x00000000f4a00000,0x00000000f4a00000,0x00000000fa500000)
 ParOldGen       total 281600K, used 154189K [0x0000000080000000, 0x0000000091300000, 0x00000000d5580000)
  object space 281600K, 54% used [0x0000000080000000,0x0000000089693628,0x0000000091300000)
 Metaspace       used 145759K, capacity 153604K, committed 153752K, reserved 1181696K
  class space    used 19060K, capacity 20606K, committed 20640K, reserved 1048576K
Event: 3640.189 GC heap after
Heap after GC invocations=23 (full 4):
 PSYoungGen      total 605696K, used 12417K [0x00000000d5580000, 0x0000000100000000, 0x0000000100000000)
  eden space 512512K, 0% used [0x00000000d5580000,0x00000000d5580000,0x00000000f4a00000)
  from space 93184K, 13% used [0x00000000f4a00000,0x00000000f5620490,0x00000000fa500000)
  to   space 91136K, 0% used [0x00000000fa700000,0x00000000fa700000,0x0000000100000000)
 ParOldGen       total 281600K, used 194181K [0x0000000080000000, 0x0000000091300000, 0x00000000d5580000)
  object space 281600K, 68% used [0x0000000080000000,0x000000008bda1728,0x0000000091300000)
 Metaspace       used 145759K, capacity 153604K, committed 153752K, reserved 1181696K
  class space    used 19060K, capacity 20606K, committed 20640K, reserved 1048576K
}
Event: 3640.189 GC heap before
{Heap before GC invocations=24 (full 5):
 PSYoungGen      total 605696K, used 12417K [0x00000000d5580000, 0x0000000100000000, 0x0000000100000000)
  eden space 512512K, 0% used [0x00000000d5580000,0x00000000d5580000,0x00000000f4a00000)
  from space 93184K, 13% used [0x00000000f4a00000,0x00000000f5620490,0x00000000fa500000)
  to   space 91136K, 0% used [0x00000000fa700000,0x00000000fa700000,0x0000000100000000)
 ParOldGen       total 281600K, used 194181K [0x0000000080000000, 0x0000000091300000, 0x00000000d5580000)
  object space 281600K, 68% used [0x0000000080000000,0x000000008bda1728,0x0000000091300000)
 Metaspace       used 145759K, capacity 153604K, committed 153752K, reserved 1181696K
  class space    used 19060K, capacity 20606K, committed 20640K, reserved 1048576K
Event: 3640.697 GC heap after
Heap after GC invocations=24 (full 5):
 PSYoungGen      total 605696K, used 0K [0x00000000d5580000, 0x0000000100000000, 0x0000000100000000)
  eden space 512512K, 0% used [0x00000000d5580000,0x00000000d5580000,0x00000000f4a00000)
  from space 93184K, 0% used [0x00000000f4a00000,0x00000000f4a00000,0x00000000fa500000)
  to   space 91136K, 0% used [0x00000000fa700000,0x00000000fa700000,0x0000000100000000)
 ParOldGen       total 281600K, used 78799K [0x0000000080000000, 0x0000000091300000, 0x00000000d5580000)
  object space 281600K, 27% used [0x0000000080000000,0x0000000084cf3de0,0x0000000091300000)
 Metaspace       used 144424K, capacity 151032K, committed 153752K, reserved 1181696K
  class space    used 18802K, capacity 20123K, committed 20640K, reserved 1048576K
}
Event: 3903.280 GC heap before
{Heap before GC invocations=25 (full 5):
 PSYoungGen      total 605696K, used 512512K [0x00000000d5580000, 0x0000000100000000, 0x0000000100000000)
  eden space 512512K, 100% used [0x00000000d5580000,0x00000000f4a00000,0x00000000f4a00000)
  from space 93184K, 0% used [0x00000000f4a00000,0x00000000f4a00000,0x00000000fa500000)
  to   space 91136K, 0% used [0x00000000fa700000,0x00000000fa700000,0x0000000100000000)
 ParOldGen       total 281600K, used 78799K [0x0000000080000000, 0x0000000091300000, 0x00000000d5580000)
  object space 281600K, 27% used [0x0000000080000000,0x0000000084cf3de0,0x0000000091300000)
 Metaspace       used 149422K, capacity 156278K, committed 157976K, reserved 1185792K
  class space    used 19347K, capacity 20706K, committed 21024K, reserved 1048576K
Event: 3903.322 GC heap after
Heap after GC invocations=25 (full 5):
 PSYoungGen      total 598528K, used 16596K [0x00000000d5580000, 0x00000000ff900000, 0x0000000100000000)
  eden space 514560K, 0% used [0x00000000d5580000,0x00000000d5580000,0x00000000f4c00000)
  from space 83968K, 19% used [0x00000000fa700000,0x00000000fb735180,0x00000000ff900000)
  to   space 88576K, 0% used [0x00000000f4c00000,0x00000000f4c00000,0x00000000fa280000)
 ParOldGen       total 281600K, used 78807K [0x0000000080000000, 0x0000000091300000, 0x00000000d5580000)
  object space 281600K, 27% used [0x0000000080000000,0x0000000084cf5de0,0x0000000091300000)
 Metaspace       used 149422K, capacity 156278K, committed 157976K, reserved 1185792K
  class space    used 19347K, capacity 20706K, committed 21024K, reserved 1048576K
}

